<?xml version="1.0" encoding="UTF-8"?>
<!-- Generated by org.testng.reporters.JUnitReportReporter -->
<testsuite skipped="0" hostname="ojt31-PC" name="src.MavanStocAccounting.App" tests="1" failures="0" timestamp="24 Jul 2019 08:03:47 GMT" time="0.010" errors="0">
  <testcase name="test" time="0.010" classname="src.MavanStocAccounting.App"/>
</testsuite> <!-- src.MavanStocAccounting.App -->
